{
  "stats": {
    "suites": 2,
    "tests": 7,
    "passes": 5,
    "pending": 0,
    "failures": 2,
    "start": "2025-01-08T16:26:07.789Z",
    "end": "2025-01-08T16:26:45.663Z",
    "duration": 37874,
    "testsRegistered": 7,
    "passPercent": 71.42857142857143,
    "pendingPercent": 0,
    "other": 0,
    "hasOther": false,
    "skipped": 0,
    "hasSkipped": false
  },
  "results": [
    {
      "uuid": "07c1bfe9-f5e2-4e72-a4b9-789124ea0c4b",
      "title": "",
      "fullFile": "cypress\\e2e\\gui\\testesE2E.cy.js",
      "file": "cypress\\e2e\\gui\\testesE2E.cy.js",
      "beforeHooks": [],
      "afterHooks": [],
      "tests": [],
      "suites": [
        {
          "uuid": "82cc4f5b-b7cf-4735-ab2a-c4a1b8c5ba46",
          "title": "Fluxo E2E",
          "fullFile": "",
          "file": "",
          "beforeHooks": [],
          "afterHooks": [],
          "tests": [
            {
              "title": "Criar um produto com sucesso",
              "fullTitle": "Fluxo E2E Criar um produto com sucesso",
              "timedOut": null,
              "duration": 5787,
              "state": "passed",
              "speed": "medium",
              "pass": true,
              "fail": false,
              "pending": false,
              "context": null,
              "code": "cy.adicionarProduto('Xbox 720', '7000.00', 'Preto, Branco');\ncy.get('#btn-salvar').click();\ncy.url('constains', 'http://165.227.93.41/lojinha-web/v2/produto/editar');\ncy.get('.waves-effect').eq(1).click();\ncy.url().should('eq', 'http://165.227.93.41/lojinha-web/v2/produto');\ncy.get('.collection li').last().find('.title a').should('have.text', 'Xbox 720');\ncy.pageAccessibility();",
              "err": {},
              "uuid": "635d00bf-e79c-47aa-874a-6fb4a23c56d9",
              "parentUUID": "82cc4f5b-b7cf-4735-ab2a-c4a1b8c5ba46",
              "isHook": false,
              "skipped": false
            },
            {
              "title": "Editar produto com sucesso",
              "fullTitle": "Fluxo E2E Editar produto com sucesso",
              "timedOut": null,
              "duration": 6673,
              "state": "passed",
              "speed": "medium",
              "pass": true,
              "fail": false,
              "pending": false,
              "context": null,
              "code": "cy.editarProduto('Xbox 360', '3500.00', 'Branco, Preto');\ncy.get('.waves-effect').eq(0).click();\ncy.url('constains', 'http://165.227.93.41/lojinha-web/v2/produto/editar');\ncy.get('.waves-effect').eq(1).click();\ncy.wait(2000);\ncy.url().should('eq', 'http://165.227.93.41/lojinha-web/v2/produto');\ncy.get('.collection li .title a').contains('Xbox 360').should('be.visible').first();\ncy.pageAccessibility();",
              "err": {},
              "uuid": "39aeb792-8a08-4de9-b1a4-93fcddb51127",
              "parentUUID": "82cc4f5b-b7cf-4735-ab2a-c4a1b8c5ba46",
              "isHook": false,
              "skipped": false
            },
            {
              "title": "Voltar para lista de produto através de adicionar produto",
              "fullTitle": "Fluxo E2E Voltar para lista de produto através de adicionar produto",
              "timedOut": null,
              "duration": 5372,
              "state": "passed",
              "speed": "medium",
              "pass": true,
              "fail": false,
              "pending": false,
              "context": null,
              "code": "cy.listaProdutoAdicionar();\ncy.get('.waves-effect').eq(1).should('be.visible').and('have.css', 'background-color', 'rgb(158, 158, 158)').and('have.css', 'border-bottom-color', 'rgb(255, 255, 255)').click();\ncy.wait(2000);\ncy.url().should('eq', 'http://165.227.93.41/lojinha-web/v2/produto');\ncy.pageAccessibility();",
              "err": {},
              "uuid": "fe3e9390-bbba-400b-83f5-eb8ac4b61c91",
              "parentUUID": "82cc4f5b-b7cf-4735-ab2a-c4a1b8c5ba46",
              "isHook": false,
              "skipped": false
            },
            {
              "title": "Voltar para lista de produto através de editar produto",
              "fullTitle": "Fluxo E2E Voltar para lista de produto através de editar produto",
              "timedOut": null,
              "duration": 4990,
              "state": "passed",
              "speed": "fast",
              "pass": true,
              "fail": false,
              "pending": false,
              "context": null,
              "code": "cy.listaProdutoEditar();\ncy.get('.waves-effect').eq(1).should('be.visible').and('have.css', 'background-color', 'rgb(158, 158, 158)').and('have.css', 'border-bottom-color', 'rgb(255, 255, 255)').click();\ncy.wait(2000);\ncy.url().should('eq', 'http://165.227.93.41/lojinha-web/v2/produto');\ncy.pageAccessibility();",
              "err": {},
              "uuid": "e1008567-7e6b-4516-bbb8-d5abbb21f910",
              "parentUUID": "82cc4f5b-b7cf-4735-ab2a-c4a1b8c5ba46",
              "isHook": false,
              "skipped": false
            },
            {
              "title": "Adicionar componente corretamente (editar produto)",
              "fullTitle": "Fluxo E2E Adicionar componente corretamente (editar produto)",
              "timedOut": null,
              "duration": 4075,
              "state": "failed",
              "speed": null,
              "pass": false,
              "fail": true,
              "pending": false,
              "context": "{\n  \"title\": \"cypress-mochawesome-reporter-screenshots\",\n  \"value\": [\n    [\n      \"\\\\testesE2E.cy.js\\\\Fluxo E2E -- Adicionar componente corretamente (editar produto) (failed).png\"\n    ]\n  ]\n}",
              "code": "cy.adicionarComponenteEditar('controle', '1');\ncy.get('.modal-close').eq(0).should('be.visible').and('have.css', 'background-color', 'rgb(38, 166, 154)').click();\ncy.wait(1500);\ncy.get('.title').should('be.visible').and('have.css', 'color', 'rgba(0, 0, 0, 0.87)').then($element => {\n  const text = $element.text().trim();\n  if (text !== 'controle') {\n    throw new Error(`Erro: O texto esperado era \"controle\", mas foi encontrado \"${text}\".`);\n  }\n});\ncy.contains('i', '1 unidade').should('be.visible');\ncy.get('.material-icons').eq(0).should('be.visible');\ncy.get('.material-icons').eq(1).should('be.visible');\ncy.pageAccessibility();",
              "err": {
                "message": "Error: Erro: O texto esperado era \"controle\", mas foi encontrado \"Lojinha controleLojinha controleLojinha controleLojinha controleLojinha controleLojinha controleLojinha controleLojinha controle\".",
                "estack": "Error: Erro: O texto esperado era \"controle\", mas foi encontrado \"Lojinha controleLojinha controleLojinha controleLojinha controleLojinha controleLojinha controleLojinha controleLojinha controle\".\n    at Context.eval (webpack://automacao2/./cypress/e2e/gui/testesE2E.cy.js:79:26)",
                "diff": null
              },
              "uuid": "7a27179b-79b1-4a57-bbbb-92eee3486c48",
              "parentUUID": "82cc4f5b-b7cf-4735-ab2a-c4a1b8c5ba46",
              "isHook": false,
              "skipped": false
            },
            {
              "title": "Adicionar componente corretamente (adicionar produto)",
              "fullTitle": "Fluxo E2E Adicionar componente corretamente (adicionar produto)",
              "timedOut": null,
              "duration": 5298,
              "state": "failed",
              "speed": null,
              "pass": false,
              "fail": true,
              "pending": false,
              "context": "{\n  \"title\": \"cypress-mochawesome-reporter-screenshots\",\n  \"value\": [\n    [\n      \"\\\\testesE2E.cy.js\\\\Fluxo E2E -- Adicionar componente corretamente (adicionar produto) (failed).png\"\n    ]\n  ]\n}",
              "code": "cy.adicionarProduto('Xbox 720', '7000.00', 'Preto, Branco');\ncy.get('#btn-salvar').click();\ncy.url('constains', 'http://165.227.93.41/lojinha-web/v2/produto/editar');\ncy.adicionarComponenteAdicionar('controle', '1');\ncy.get('.modal-close').eq(0).should('be.visible').and('have.css', 'background-color', 'rgb(38, 166, 154)').click();\ncy.wait(1500);\ncy.get('.title').should('be.visible').and('have.css', 'color', 'rgba(0, 0, 0, 0.87)').then($element => {\n  const text = $element.text().trim();\n  if (text !== 'controle') {\n    throw new Error(`Erro: O texto esperado era \"controle\", mas foi encontrado \"${text}\".`);\n  }\n});\ncy.contains('i', '1 unidade').should('be.visible');\ncy.get('.material-icons').eq(0).should('be.visible');\ncy.get('.material-icons').eq(1).should('be.visible');\ncy.pageAccessibility();",
              "err": {
                "message": "Error: Erro: O texto esperado era \"controle\", mas foi encontrado \"Lojinha controle\".",
                "estack": "Error: Erro: O texto esperado era \"controle\", mas foi encontrado \"Lojinha controle\".\n    at Context.eval (webpack://automacao2/./cypress/e2e/gui/testesE2E.cy.js:101:26)",
                "diff": null
              },
              "uuid": "55be62ec-6157-4920-bc7e-924b4757a155",
              "parentUUID": "82cc4f5b-b7cf-4735-ab2a-c4a1b8c5ba46",
              "isHook": false,
              "skipped": false
            }
          ],
          "suites": [],
          "passes": [
            "635d00bf-e79c-47aa-874a-6fb4a23c56d9",
            "39aeb792-8a08-4de9-b1a4-93fcddb51127",
            "fe3e9390-bbba-400b-83f5-eb8ac4b61c91",
            "e1008567-7e6b-4516-bbb8-d5abbb21f910"
          ],
          "failures": [
            "7a27179b-79b1-4a57-bbbb-92eee3486c48",
            "55be62ec-6157-4920-bc7e-924b4757a155"
          ],
          "pending": [],
          "skipped": [],
          "duration": 32195,
          "root": false,
          "rootEmpty": false,
          "_timeout": 2000
        },
        {
          "uuid": "59fb113c-f2fe-46b0-9a20-419357a8ff00",
          "title": "Login inválido",
          "fullFile": "",
          "file": "",
          "beforeHooks": [],
          "afterHooks": [],
          "tests": [
            {
              "title": "Login com credenciais inválidas",
              "fullTitle": "Login inválido Login com credenciais inválidas",
              "timedOut": null,
              "duration": 2088,
              "state": "passed",
              "speed": "fast",
              "pass": true,
              "fail": false,
              "pending": false,
              "context": null,
              "code": "cy.login(faker.person.firstName(), faker.internet.password());\ncy.url().should('eq', 'http://165.227.93.41/lojinha-web/v2/?error=Falha%20ao%20fazer%20o%20login');\ncy.pageAccessibility();",
              "err": {},
              "uuid": "9cadd364-c1dc-4ce2-aa98-c84cbc76185e",
              "parentUUID": "59fb113c-f2fe-46b0-9a20-419357a8ff00",
              "isHook": false,
              "skipped": false
            }
          ],
          "suites": [],
          "passes": [
            "9cadd364-c1dc-4ce2-aa98-c84cbc76185e"
          ],
          "failures": [],
          "pending": [],
          "skipped": [],
          "duration": 2088,
          "root": false,
          "rootEmpty": false,
          "_timeout": 2000
        }
      ],
      "passes": [],
      "failures": [],
      "pending": [],
      "skipped": [],
      "duration": 0,
      "root": true,
      "rootEmpty": true,
      "_timeout": 2000
    }
  ],
  "meta": {
    "mocha": {
      "version": "7.0.1"
    },
    "mochawesome": {
      "options": {
        "quiet": false,
        "reportFilename": "mochawesome",
        "saveHtml": true,
        "saveJson": true,
        "consoleReporter": "spec",
        "useInlineDiffs": false,
        "code": true
      },
      "version": "7.1.3"
    },
    "marge": {
      "options": {
        "reportDir": "cypress/reports",
        "overwrite": false,
        "html": true,
        "json": true,
        "embeddedScreenshots": true
      },
      "version": "6.2.0"
    }
  }
}